<?xml version="1.0" encoding="UTF-8"?>
<!-- Generated by org.testng.reporters.JUnitXMLReporter -->
<testsuite hostname="Ivans-MacBook-Pro.local" ignored="0" name="BankingApp Test" tests="2" failures="0" timestamp="30 Mar 2020 16:58:57 GMT" time="22.461" errors="0">
  <testcase name="loginTest" time="0.737" classname="com.bankingproject.testCases.TC_LoginTest_001"/>
  <testcase name="addNewCustomer" time="14.927" classname="com.bankingproject.testCases.TC_AddCustomerTest_003"/>
</testsuite> <!-- BankingApp Test -->
